<?xml version="1.0" encoding="UTF-8"?>
<testsuite xmlns:xsi="http://www.w3.org/2001/XMLSchema-instance" xsi:noNamespaceSchemaLocation="https://maven.apache.org/surefire/maven-surefire-plugin/xsd/surefire-test-report.xsd" name="dev.grbackend.controllers.ReactionControllerTest" time="0.035" tests="4" errors="0" skipped="0" failures="0">
  <properties>
[...]
</properties>
  <testcase name="getGameLikeReactionsTest" classname="dev.grbackend.controllers.ReactionControllerTest" time="0.012"/>
  <testcase name="getReactionTest" classname="dev.grbackend.controllers.ReactionControllerTest" time="0.003"/>
  <testcase name="saveReactionTest" classname="dev.grbackend.controllers.ReactionControllerTest" time="0.002"/>
  <testcase name="deleteReactionTest" classname="dev.grbackend.controllers.ReactionControllerTest" time="0.003"/>
</testsuite>